2012-07-20 20:52:28,430 WARNING Taking reading #0
2012-07-20 20:52:28,441 WARNING Taking reading #1
2012-07-20 20:52:28,452 WARNING Taking reading #2
2012-07-20 20:52:28,461 WARNING Taking reading #3
2012-07-20 20:52:28,471 WARNING Taking reading #4
2012-07-20 20:52:28,481 WARNING Taking reading #5
2012-07-20 20:52:28,491 WARNING Taking reading #6
2012-07-20 20:52:28,501 WARNING Taking reading #7
2012-07-20 20:52:28,511 WARNING Taking reading #8
2012-07-20 20:52:28,521 WARNING Taking reading #9
2012-07-20 20:52:28,531 WARNING Taking reading #10
2012-07-20 20:52:28,542 WARNING Taking reading #11
2012-07-20 20:52:28,551 WARNING Taking reading #12
2012-07-20 20:52:28,562 WARNING Taking reading #13
2012-07-20 20:52:28,572 WARNING Taking reading #14
2012-07-20 20:52:28,583 WARNING Taking reading #15
2012-07-20 20:52:28,592 WARNING Taking reading #16
2012-07-20 20:52:28,603 WARNING Taking reading #17
2012-07-20 20:52:28,612 WARNING Taking reading #18
2012-07-20 20:52:28,623 WARNING Taking reading #19
2012-07-20 20:52:28,632 WARNING Taking reading #20
2012-07-20 20:52:28,643 WARNING Taking reading #21
2012-07-20 20:52:28,653 WARNING Taking reading #22
2012-07-20 20:52:28,664 WARNING Taking reading #23
2012-07-20 20:52:28,673 WARNING Taking reading #24
2012-07-20 20:52:28,684 WARNING Taking reading #25
2012-07-20 20:52:28,693 WARNING Taking reading #26
2012-07-20 20:52:28,704 WARNING Taking reading #27
2012-07-20 20:52:28,713 WARNING Taking reading #28
2012-07-20 20:52:28,724 WARNING Taking reading #29
2012-07-20 20:52:28,734 WARNING Taking reading #30
2012-07-20 20:52:28,744 WARNING Taking reading #31
2012-07-20 20:52:28,754 WARNING Offset readings complete
2012-07-20 20:52:28,757 WARNING Offset:
2012-07-20 20:52:28,759 WARNING -2
2012-07-20 20:52:28,762 WARNING -1
2012-07-20 20:52:28,766 WARNING 5
2012-07-20 20:52:28,768 WARNING 318
2012-07-20 20:52:28,771 WARNING 23
2012-07-20 20:52:28,773 WARNING -3847
2012-07-20 21:03:33,424 WARNING Taking reading #0
2012-07-20 21:03:33,435 WARNING Taking reading #1
2012-07-20 21:03:33,446 WARNING Taking reading #2
2012-07-20 21:03:33,455 WARNING Taking reading #3
2012-07-20 21:03:33,466 WARNING Taking reading #4
2012-07-20 21:03:33,475 WARNING Taking reading #5
2012-07-20 21:03:33,486 WARNING Taking reading #6
2012-07-20 21:03:33,496 WARNING Taking reading #7
2012-07-20 21:03:33,506 WARNING Taking reading #8
2012-07-20 21:03:33,516 WARNING Taking reading #9
2012-07-20 21:03:33,525 WARNING Taking reading #10
2012-07-20 21:03:33,536 WARNING Taking reading #11
2012-07-20 21:03:33,546 WARNING Taking reading #12
2012-07-20 21:03:33,557 WARNING Taking reading #13
2012-07-20 21:03:33,566 WARNING Taking reading #14
2012-07-20 21:03:33,577 WARNING Taking reading #15
2012-07-20 21:03:33,586 WARNING Taking reading #16
2012-07-20 21:03:33,597 WARNING Taking reading #17
2012-07-20 21:03:33,607 WARNING Taking reading #18
2012-07-20 21:03:33,617 WARNING Taking reading #19
2012-07-20 21:03:33,627 WARNING Taking reading #20
2012-07-20 21:03:33,638 WARNING Taking reading #21
2012-07-20 21:03:33,647 WARNING Taking reading #22
2012-07-20 21:03:33,658 WARNING Taking reading #23
2012-07-20 21:03:33,667 WARNING Taking reading #24
2012-07-20 21:03:33,678 WARNING Taking reading #25
2012-07-20 21:03:33,688 WARNING Taking reading #26
2012-07-20 21:03:33,698 WARNING Taking reading #27
2012-07-20 21:03:33,708 WARNING Taking reading #28
2012-07-20 21:03:33,719 WARNING Taking reading #29
2012-07-20 21:03:33,728 WARNING Taking reading #30
2012-07-20 21:03:33,739 WARNING Taking reading #31
2012-07-20 21:03:33,748 WARNING Offset readings complete
2012-07-20 21:03:33,751 WARNING Offset:
2012-07-20 21:03:33,754 WARNING -1
2012-07-20 21:03:33,756 WARNING -1
2012-07-20 21:03:33,760 WARNING 2
2012-07-20 21:03:33,763 WARNING 318
2012-07-20 21:03:33,766 WARNING 1
2012-07-20 21:03:33,768 WARNING -3837
2012-07-20 21:07:17,498 WARNING Taking reading #0
2012-07-20 21:07:17,513 WARNING Taking reading #1
2012-07-20 21:07:17,525 WARNING Taking reading #2
2012-07-20 21:07:17,537 WARNING Taking reading #3
2012-07-20 21:07:17,548 WARNING Taking reading #4
2012-07-20 21:07:17,560 WARNING Taking reading #5
2012-07-20 21:07:17,571 WARNING Taking reading #6
2012-07-20 21:07:17,581 WARNING Taking reading #7
2012-07-20 21:07:17,594 WARNING Taking reading #8
2012-07-20 21:07:17,605 WARNING Taking reading #9
2012-07-20 21:07:17,617 WARNING Taking reading #10
2012-07-20 21:07:17,628 WARNING Taking reading #11
2012-07-20 21:07:17,638 WARNING Taking reading #12
2012-07-20 21:07:17,648 WARNING Taking reading #13
2012-07-20 21:07:17,659 WARNING Taking reading #14
2012-07-20 21:07:17,668 WARNING Taking reading #15
2012-07-20 21:07:17,679 WARNING Taking reading #16
2012-07-20 21:07:17,688 WARNING Taking reading #17
2012-07-20 21:07:17,698 WARNING Taking reading #18
2012-07-20 21:07:17,709 WARNING Taking reading #19
2012-07-20 21:07:17,718 WARNING Taking reading #20
2012-07-20 21:07:17,729 WARNING Taking reading #21
2012-07-20 21:07:17,738 WARNING Taking reading #22
2012-07-20 21:07:17,749 WARNING Taking reading #23
2012-07-20 21:07:17,759 WARNING Taking reading #24
2012-07-20 21:07:17,770 WARNING Taking reading #25
2012-07-20 21:07:17,779 WARNING Taking reading #26
2012-07-20 21:07:17,790 WARNING Taking reading #27
2012-07-20 21:07:17,799 WARNING Taking reading #28
2012-07-20 21:07:17,810 WARNING Taking reading #29
2012-07-20 21:07:17,820 WARNING Taking reading #30
2012-07-20 21:07:17,831 WARNING Taking reading #31
2012-07-20 21:07:17,842 WARNING Offset readings complete
2012-07-20 21:07:17,845 WARNING Offset:
2012-07-20 21:07:17,847 WARNING -11
2012-07-20 21:07:17,850 WARNING 7
2012-07-20 21:07:17,852 WARNING 1
2012-07-20 21:07:17,855 WARNING 279
2012-07-20 21:07:17,858 WARNING 6
2012-07-20 21:07:17,860 WARNING -3862
2012-07-20 21:48:58,339 WARNING Taking reading #0
2012-07-20 21:48:58,350 WARNING Taking reading #1
2012-07-20 21:48:58,361 WARNING Taking reading #2
2012-07-20 21:48:58,370 WARNING Taking reading #3
2012-07-20 21:48:58,381 WARNING Taking reading #4
2012-07-20 21:48:58,391 WARNING Taking reading #5
2012-07-20 21:48:58,402 WARNING Taking reading #6
2012-07-20 21:48:58,411 WARNING Taking reading #7
2012-07-20 21:48:58,422 WARNING Taking reading #8
2012-07-20 21:48:58,431 WARNING Taking reading #9
2012-07-20 21:48:58,442 WARNING Taking reading #10
2012-07-20 21:48:58,452 WARNING Taking reading #11
2012-07-20 21:48:58,463 WARNING Taking reading #12
2012-07-20 21:48:58,472 WARNING Taking reading #13
2012-07-20 21:48:58,483 WARNING Taking reading #14
2012-07-20 21:48:58,493 WARNING Taking reading #15
2012-07-20 21:48:58,504 WARNING Taking reading #16
2012-07-20 21:48:58,513 WARNING Taking reading #17
2012-07-20 21:48:58,524 WARNING Taking reading #18
2012-07-20 21:48:58,533 WARNING Taking reading #19
2012-07-20 21:48:58,544 WARNING Taking reading #20
2012-07-20 21:48:58,554 WARNING Taking reading #21
2012-07-20 21:48:58,565 WARNING Taking reading #22
2012-07-20 21:48:58,575 WARNING Taking reading #23
2012-07-20 21:48:58,585 WARNING Taking reading #24
2012-07-20 21:48:58,595 WARNING Taking reading #25
2012-07-20 21:48:58,606 WARNING Taking reading #26
2012-07-20 21:48:58,615 WARNING Taking reading #27
2012-07-20 21:48:58,626 WARNING Taking reading #28
2012-07-20 21:48:58,636 WARNING Taking reading #29
2012-07-20 21:48:58,647 WARNING Taking reading #30
2012-07-20 21:48:58,656 WARNING Taking reading #31
2012-07-20 21:48:58,667 WARNING Offset readings complete
2012-07-20 21:48:58,670 WARNING Offset:
2012-07-20 21:48:58,673 WARNING 5
2012-07-20 21:48:58,675 WARNING 15
2012-07-20 21:48:58,678 WARNING -1
2012-07-20 21:48:58,680 WARNING -205
2012-07-20 21:48:58,683 WARNING 114
2012-07-20 21:48:58,686 WARNING -3878
2012-07-20 21:52:58,501 WARNING Taking reading #0
2012-07-20 21:52:58,512 WARNING Taking reading #1
2012-07-20 21:52:58,522 WARNING Taking reading #2
2012-07-20 21:52:58,532 WARNING Taking reading #3
2012-07-20 21:52:58,543 WARNING Taking reading #4
2012-07-20 21:52:58,552 WARNING Taking reading #5
2012-07-20 21:52:58,563 WARNING Taking reading #6
2012-07-20 21:52:58,573 WARNING Taking reading #7
2012-07-20 21:52:58,584 WARNING Taking reading #8
2012-07-20 21:52:58,593 WARNING Taking reading #9
2012-07-20 21:52:58,604 WARNING Taking reading #10
2012-07-20 21:52:58,613 WARNING Taking reading #11
2012-07-20 21:52:58,628 WARNING Taking reading #12
2012-07-20 21:52:58,639 WARNING Taking reading #13
2012-07-20 21:52:58,652 WARNING Taking reading #14
2012-07-20 21:52:58,667 WARNING Taking reading #15
2012-07-20 21:52:58,679 WARNING Taking reading #16
2012-07-20 21:52:58,692 WARNING Taking reading #17
2012-07-20 21:52:58,705 WARNING Taking reading #18
2012-07-20 21:52:58,720 WARNING Taking reading #19
2012-07-20 21:52:58,730 WARNING Taking reading #20
2012-07-20 21:52:58,740 WARNING Taking reading #21
2012-07-20 21:52:58,751 WARNING Taking reading #22
2012-07-20 21:52:58,760 WARNING Taking reading #23
2012-07-20 21:52:58,770 WARNING Taking reading #24
2012-07-20 21:52:58,780 WARNING Taking reading #25
2012-07-20 21:52:58,790 WARNING Taking reading #26
2012-07-20 21:52:58,801 WARNING Taking reading #27
2012-07-20 21:52:58,810 WARNING Taking reading #28
2012-07-20 21:52:58,821 WARNING Taking reading #29
2012-07-20 21:52:58,831 WARNING Taking reading #30
2012-07-20 21:52:58,842 WARNING Taking reading #31
2012-07-20 21:52:58,851 WARNING Offset readings complete
2012-07-20 21:52:58,855 WARNING Offset:
2012-07-20 21:52:58,858 WARNING -11
2012-07-20 21:52:58,861 WARNING -2
2012-07-20 21:52:58,863 WARNING -1
2012-07-20 21:52:58,866 WARNING 233
2012-07-20 21:52:58,869 WARNING -85
2012-07-20 21:52:58,871 WARNING -3853
2012-07-20 22:01:06,355 WARNING Taking reading #0
2012-07-20 22:01:06,366 WARNING Taking reading #1
2012-07-20 22:01:06,376 WARNING Taking reading #2
2012-07-20 22:01:06,386 WARNING Taking reading #3
2012-07-20 22:01:06,397 WARNING Taking reading #4
2012-07-20 22:01:06,406 WARNING Taking reading #5
2012-07-20 22:01:06,417 WARNING Taking reading #6
2012-07-20 22:01:06,427 WARNING Taking reading #7
2012-07-20 22:01:06,438 WARNING Taking reading #8
2012-07-20 22:01:06,447 WARNING Taking reading #9
2012-07-20 22:01:06,458 WARNING Taking reading #10
2012-07-20 22:01:06,468 WARNING Taking reading #11
2012-07-20 22:01:06,478 WARNING Taking reading #12
2012-07-20 22:01:06,488 WARNING Taking reading #13
2012-07-20 22:01:06,499 WARNING Taking reading #14
2012-07-20 22:01:06,508 WARNING Taking reading #15
2012-07-20 22:01:06,523 WARNING Taking reading #16
2012-07-20 22:01:06,536 WARNING Taking reading #17
2012-07-20 22:01:06,549 WARNING Taking reading #18
2012-07-20 22:01:06,565 WARNING Taking reading #19
2012-07-20 22:01:06,578 WARNING Taking reading #20
2012-07-20 22:01:06,591 WARNING Taking reading #21
2012-07-20 22:01:06,603 WARNING Taking reading #22
2012-07-20 22:01:06,618 WARNING Taking reading #23
2012-07-20 22:01:06,629 WARNING Taking reading #24
2012-07-20 22:01:06,638 WARNING Taking reading #25
2012-07-20 22:01:06,649 WARNING Taking reading #26
2012-07-20 22:01:06,659 WARNING Taking reading #27
2012-07-20 22:01:06,670 WARNING Taking reading #28
2012-07-20 22:01:06,679 WARNING Taking reading #29
2012-07-20 22:01:06,690 WARNING Taking reading #30
2012-07-20 22:01:06,700 WARNING Taking reading #31
2012-07-20 22:01:06,711 WARNING Offset readings complete
2012-07-20 22:01:06,713 WARNING Offset:
2012-07-20 22:01:06,716 WARNING 4
2012-07-20 22:01:06,719 WARNING -2
2012-07-20 22:01:06,721 WARNING -1
2012-07-20 22:01:06,724 WARNING 224
2012-07-20 22:01:06,727 WARNING -71
2012-07-20 22:01:06,731 WARNING -3829
2012-07-22 15:21:26,933 WARNING Taking reading #0
2012-07-22 15:21:26,945 WARNING Taking reading #1
2012-07-22 15:21:27,472 WARNING Taking reading #2
2012-07-22 15:21:27,482 WARNING Taking reading #3
2012-07-22 15:21:27,493 WARNING Taking reading #4
2012-07-22 15:21:27,503 WARNING Taking reading #5
2012-07-22 15:21:27,513 WARNING Taking reading #6
2012-07-22 15:21:27,523 WARNING Taking reading #7
2012-07-22 15:21:27,534 WARNING Taking reading #8
2012-07-22 15:21:27,543 WARNING Taking reading #9
2012-07-22 15:21:27,554 WARNING Taking reading #10
2012-07-22 15:21:27,563 WARNING Taking reading #11
2012-07-22 15:21:27,574 WARNING Taking reading #12
2012-07-22 15:21:27,584 WARNING Taking reading #13
2012-07-22 15:21:27,595 WARNING Taking reading #14
2012-07-22 15:21:27,604 WARNING Taking reading #15
2012-07-22 15:21:27,615 WARNING Taking reading #16
2012-07-22 15:21:27,625 WARNING Taking reading #17
2012-07-22 15:21:27,634 WARNING Taking reading #18
2012-07-22 15:21:27,645 WARNING Taking reading #19
2012-07-22 15:21:27,656 WARNING Taking reading #20
2012-07-22 15:21:27,666 WARNING Taking reading #21
2012-07-22 15:21:27,677 WARNING Taking reading #22
2012-07-22 15:21:27,686 WARNING Taking reading #23
2012-07-22 15:21:27,697 WARNING Taking reading #24
2012-07-22 15:21:27,706 WARNING Taking reading #25
2012-07-22 15:21:27,717 WARNING Taking reading #26
2012-07-22 15:21:27,727 WARNING Taking reading #27
2012-07-22 15:21:27,737 WARNING Taking reading #28
2012-07-22 15:21:27,747 WARNING Taking reading #29
2012-07-22 15:21:27,758 WARNING Taking reading #30
2012-07-22 15:21:27,767 WARNING Taking reading #31
2012-07-22 15:21:27,777 WARNING Offset readings complete
2012-07-22 15:21:27,781 WARNING Offset:
2012-07-22 15:21:27,784 WARNING -1
2012-07-22 15:21:27,786 WARNING -1
2012-07-22 15:21:27,792 WARNING -7
2012-07-22 15:21:27,799 WARNING -151
2012-07-22 15:21:27,806 WARNING 326
2012-07-22 15:21:27,811 WARNING -3792
